TN:
SF:src\geolocation.js
FN:2,locationName
FN:4,(anonymous_1)
FN:5,(anonymous_2)
FN:10,locationCoords
FNF:4
FNH:0
FNDA:0,locationName
FNDA:0,(anonymous_1)
FNDA:0,(anonymous_2)
FNDA:0,locationCoords
DA:3,0
DA:4,0
DA:6,0
DA:11,0
DA:12,0
DA:14,0
DA:19,0
LF:7
LH:0
BRF:0
BRH:0
end_of_record
TN:
SF:src\list.js
FN:9,click
FN:15,listnerInput
FN:25,emptyList
FN:36,createList
FNF:4
FNH:0
FNDA:0,click
FNDA:0,listnerInput
FNDA:0,emptyList
FNDA:0,createList
DA:1,0
DA:2,0
DA:3,0
DA:5,0
DA:7,0
DA:11,0
DA:12,0
DA:16,0
DA:17,0
DA:18,0
DA:21,0
DA:26,0
DA:27,0
DA:29,0
DA:32,0
DA:37,0
DA:38,0
DA:39,0
DA:40,0
DA:41,0
DA:42,0
DA:44,0
LF:22
LH:0
BRDA:17,0,0,0
BRDA:17,0,1,0
BRDA:27,1,0,0
BRDA:27,1,1,0
BRF:4
BRH:0
end_of_record
TN:
SF:src\main.js
FNF:0
FNH:0
DA:1,0
DA:3,0
DA:7,0
DA:9,0
DA:10,0
LF:5
LH:0
BRF:0
BRH:0
end_of_record
TN:
SF:src\map.js
FN:8,map
FN:9,(anonymous_1)
FN:10,init
FNF:3
FNH:0
FNDA:0,map
FNDA:0,(anonymous_1)
FNDA:0,init
DA:3,0
DA:9,0
DA:12,0
DA:17,0
DA:22,0
LF:5
LH:0
BRF:0
BRH:0
end_of_record
TN:
SF:src\module_1.js
FN:1,one
FNF:1
FNH:1
FNDA:1,one
DA:2,1
DA:5,1
LF:2
LH:2
BRF:0
BRH:0
end_of_record
TN:
SF:src\weather.js
FN:3,weather
FN:4,(anonymous_1)
FN:7,(anonymous_2)
FN:9,(anonymous_3)
FNF:4
FNH:0
FNDA:0,weather
FNDA:0,(anonymous_1)
FNDA:0,(anonymous_2)
FNDA:0,(anonymous_3)
DA:1,0
DA:4,0
DA:5,0
DA:6,0
DA:8,0
DA:10,0
DA:14,0
DA:15,0
DA:17,0
LF:9
LH:0
BRF:0
BRH:0
end_of_record
